2018-03-16 13:21:28 [scrapy.utils.log] INFO: Scrapy 1.4.0 started (bot: cricinfo)
2018-03-16 13:21:28 [scrapy.utils.log] INFO: Overridden settings: {'BOT_NAME': 'cricinfo', 'LOG_FILE': 'logs/international-player-ids.log', 'NEWSPIDER_MODULE': 'cricinfo.spiders', 'ROBOTSTXT_OBEY': True, 'SPIDER_MODULES': ['cricinfo.spiders']}
2018-03-16 13:21:28 [scrapy.middleware] INFO: Enabled extensions:
['scrapy.extensions.corestats.CoreStats',
 'scrapy.extensions.telnet.TelnetConsole',
 'scrapy.extensions.memusage.MemoryUsage',
 'scrapy.extensions.logstats.LogStats']
2018-03-16 13:21:28 [scrapy.middleware] INFO: Enabled downloader middlewares:
['scrapy.downloadermiddlewares.robotstxt.RobotsTxtMiddleware',
 'scrapy.downloadermiddlewares.httpauth.HttpAuthMiddleware',
 'scrapy.downloadermiddlewares.downloadtimeout.DownloadTimeoutMiddleware',
 'scrapy.downloadermiddlewares.defaultheaders.DefaultHeadersMiddleware',
 'scrapy.downloadermiddlewares.useragent.UserAgentMiddleware',
 'scrapy.downloadermiddlewares.retry.RetryMiddleware',
 'scrapy.downloadermiddlewares.redirect.MetaRefreshMiddleware',
 'scrapy.downloadermiddlewares.httpcompression.HttpCompressionMiddleware',
 'scrapy.downloadermiddlewares.redirect.RedirectMiddleware',
 'scrapy.downloadermiddlewares.cookies.CookiesMiddleware',
 'scrapy.downloadermiddlewares.httpproxy.HttpProxyMiddleware',
 'scrapy.downloadermiddlewares.stats.DownloaderStats']
2018-03-16 13:21:28 [scrapy.middleware] INFO: Enabled spider middlewares:
['scrapy.spidermiddlewares.httperror.HttpErrorMiddleware',
 'scrapy.spidermiddlewares.offsite.OffsiteMiddleware',
 'scrapy.spidermiddlewares.referer.RefererMiddleware',
 'scrapy.spidermiddlewares.urllength.UrlLengthMiddleware',
 'scrapy.spidermiddlewares.depth.DepthMiddleware']
2018-03-16 13:21:28 [scrapy.middleware] INFO: Enabled item pipelines:
[]
2018-03-16 13:21:28 [scrapy.core.engine] INFO: Spider opened
2018-03-16 13:21:28 [scrapy.extensions.logstats] INFO: Crawled 0 pages (at 0 pages/min), scraped 0 items (at 0 items/min)
2018-03-16 13:21:28 [scrapy.extensions.telnet] DEBUG: Telnet console listening on 127.0.0.1:6023
2018-03-16 13:21:29 [scrapy.core.engine] DEBUG: Crawled (404) <GET http://www.espncricinfo.com/robots.txt> (referer: None)
2018-03-16 13:21:29 [scrapy.core.engine] DEBUG: Crawled (200) <GET http://www.espncricinfo.com/ci/content/player/caps.html?country=2;class=3> (referer: None)
2018-03-16 13:21:29 [scrapy.core.engine] DEBUG: Crawled (200) <GET http://www.espncricinfo.com/ci/content/player/caps.html?country=2;class=1> (referer: None)
2018-03-16 13:21:29 [scrapy.core.engine] DEBUG: Crawled (200) <GET http://www.espncricinfo.com/ci/content/player/caps.html?country=2;class=2> (referer: None)
2018-03-16 13:21:29 [scrapy.core.engine] DEBUG: Crawled (200) <GET http://www.espncricinfo.com/ci/content/player/caps.html?country=6;class=1> (referer: None)
2018-03-16 13:21:29 [scrapy.core.engine] DEBUG: Crawled (200) <GET http://www.espncricinfo.com/ci/content/player/caps.html?country=6;class=2> (referer: None)
2018-03-16 13:21:29 [scrapy.core.engine] DEBUG: Crawled (200) <GET http://www.espncricinfo.com/ci/content/player/caps.html?country=1;class=2> (referer: None)
2018-03-16 13:21:29 [scrapy.core.engine] DEBUG: Crawled (200) <GET http://www.espncricinfo.com/ci/content/player/caps.html?country=1;class=1> (referer: None)
2018-03-16 13:21:29 [scrapy.core.engine] DEBUG: Crawled (200) <GET http://www.espncricinfo.com/ci/content/player/caps.html?country=7;class=2> (referer: None)
2018-03-16 13:21:29 [scrapy.core.engine] DEBUG: Crawled (200) <GET http://www.espncricinfo.com/ci/content/player/caps.html?country=6;class=3> (referer: None)
2018-03-16 13:21:29 [scrapy.core.engine] DEBUG: Crawled (200) <GET http://www.espncricinfo.com/ci/content/player/caps.html?country=4;class=3> (referer: None)
2018-03-16 13:21:29 [scrapy.core.engine] DEBUG: Crawled (200) <GET http://www.espncricinfo.com/ci/content/player/caps.html?country=7;class=3> (referer: None)
2018-03-16 13:21:29 [scrapy.core.engine] DEBUG: Crawled (200) <GET http://www.espncricinfo.com/ci/content/player/caps.html?country=7;class=1> (referer: None)
2018-03-16 13:21:29 [scrapy.core.engine] DEBUG: Crawled (200) <GET http://www.espncricinfo.com/ci/content/player/caps.html?country=4;class=1> (referer: None)
2018-03-16 13:21:29 [scrapy.core.engine] DEBUG: Crawled (200) <GET http://www.espncricinfo.com/ci/content/player/caps.html?country=4;class=2> (referer: None)
2018-03-16 13:21:31 [scrapy.core.engine] DEBUG: Crawled (200) <GET http://www.espncricinfo.com/ci/content/player/caps.html?country=3;class=1> (referer: None)
2018-03-16 13:21:31 [scrapy.core.engine] DEBUG: Crawled (200) <GET http://www.espncricinfo.com/ci/content/player/caps.html?country=3;class=2> (referer: None)
2018-03-16 13:21:31 [scrapy.core.engine] DEBUG: Crawled (200) <GET http://www.espncricinfo.com/ci/content/player/caps.html?country=3;class=3> (referer: None)
2018-03-16 13:21:31 [scrapy.core.engine] DEBUG: Crawled (200) <GET http://www.espncricinfo.com/ci/content/player/caps.html?country=8;class=1> (referer: None)
2018-03-16 13:21:31 [scrapy.core.engine] DEBUG: Crawled (200) <GET http://www.espncricinfo.com/ci/content/player/caps.html?country=8;class=2> (referer: None)
2018-03-16 13:21:31 [scrapy.core.engine] DEBUG: Crawled (200) <GET http://www.espncricinfo.com/ci/content/player/caps.html?country=8;class=3> (referer: None)
2018-03-16 13:21:32 [scrapy.core.engine] DEBUG: Crawled (200) <GET http://www.espncricinfo.com/ci/content/player/caps.html?country=5;class=2> (referer: None)
2018-03-16 13:21:32 [scrapy.core.engine] DEBUG: Crawled (200) <GET http://www.espncricinfo.com/ci/content/player/caps.html?country=5;class=3> (referer: None)
2018-03-16 13:21:32 [scrapy.core.engine] DEBUG: Crawled (200) <GET http://www.espncricinfo.com/ci/content/player/caps.html?country=9;class=1> (referer: None)
2018-03-16 13:21:32 [scrapy.core.engine] DEBUG: Crawled (200) <GET http://www.espncricinfo.com/ci/content/player/caps.html?country=9;class=2> (referer: None)
2018-03-16 13:21:32 [scrapy.core.engine] DEBUG: Crawled (200) <GET http://www.espncricinfo.com/ci/content/player/caps.html?country=9;class=3> (referer: None)
2018-03-16 13:21:32 [scrapy.core.engine] DEBUG: Crawled (200) <GET http://www.espncricinfo.com/ci/content/player/caps.html?country=25;class=1> (referer: None)
2018-03-16 13:21:33 [scrapy.core.engine] DEBUG: Crawled (200) <GET http://www.espncricinfo.com/ci/content/player/caps.html?country=25;class=2> (referer: None)
2018-03-16 13:21:33 [scrapy.core.engine] DEBUG: Crawled (200) <GET http://www.espncricinfo.com/ci/content/player/caps.html?country=1;class=3> (referer: None)
2018-03-16 13:21:33 [scrapy.core.engine] DEBUG: Crawled (200) <GET http://www.espncricinfo.com/ci/content/player/caps.html?country=25;class=3> (referer: None)
2018-03-16 13:21:33 [scrapy.core.engine] DEBUG: Crawled (200) <GET http://www.espncricinfo.com/ci/content/player/caps.html?country=40;class=1> (referer: None)
2018-03-16 13:21:33 [scrapy.core.engine] DEBUG: Crawled (200) <GET http://www.espncricinfo.com/ci/content/player/caps.html?country=40;class=2> (referer: None)
2018-03-16 13:21:33 [scrapy.core.engine] DEBUG: Crawled (200) <GET http://www.espncricinfo.com/ci/content/player/caps.html?country=29;class=1> (referer: None)
2018-03-16 13:21:33 [scrapy.core.engine] DEBUG: Crawled (200) <GET http://www.espncricinfo.com/ci/content/player/caps.html?country=29;class=3> (referer: None)
2018-03-16 13:21:33 [scrapy.core.engine] DEBUG: Crawled (200) <GET http://www.espncricinfo.com/ci/content/player/caps.html?country=30;class=2> (referer: None)
2018-03-16 13:21:33 [scrapy.core.engine] DEBUG: Crawled (200) <GET http://www.espncricinfo.com/ci/content/player/caps.html?country=30;class=1> (referer: None)
2018-03-16 13:21:33 [scrapy.core.engine] DEBUG: Crawled (200) <GET http://www.espncricinfo.com/ci/content/player/caps.html?country=30;class=3> (referer: None)
2018-03-16 13:21:33 [scrapy.core.engine] DEBUG: Crawled (200) <GET http://www.espncricinfo.com/ci/content/player/caps.html?country=26;class=1> (referer: None)
2018-03-16 13:21:34 [scrapy.core.engine] DEBUG: Crawled (200) <GET http://www.espncricinfo.com/ci/content/player/caps.html?country=26;class=2> (referer: None)
2018-03-16 13:21:34 [scrapy.core.engine] DEBUG: Crawled (200) <GET http://www.espncricinfo.com/ci/content/player/caps.html?country=26;class=3> (referer: None)
2018-03-16 13:21:34 [scrapy.core.engine] DEBUG: Crawled (200) <GET http://www.espncricinfo.com/ci/content/player/caps.html?country=15;class=2> (referer: None)
2018-03-16 13:21:34 [scrapy.core.engine] DEBUG: Crawled (200) <GET http://www.espncricinfo.com/ci/content/player/caps.html?country=15;class=3> (referer: None)
2018-03-16 13:21:34 [scrapy.core.engine] DEBUG: Crawled (200) <GET http://www.espncricinfo.com/ci/content/player/caps.html?country=17;class=1> (referer: None)
2018-03-16 13:21:34 [scrapy.core.engine] DEBUG: Crawled (200) <GET http://www.espncricinfo.com/ci/content/player/caps.html?country=27;class=2> (referer: None)
2018-03-16 13:21:34 [scrapy.core.engine] DEBUG: Crawled (200) <GET http://www.espncricinfo.com/ci/content/player/caps.html?country=17;class=2> (referer: None)
2018-03-16 13:21:34 [scrapy.core.engine] DEBUG: Crawled (200) <GET http://www.espncricinfo.com/ci/content/player/caps.html?country=17;class=3> (referer: None)
2018-03-16 13:21:34 [scrapy.core.engine] DEBUG: Crawled (200) <GET http://www.espncricinfo.com/ci/content/player/caps.html?country=27;class=3> (referer: None)
2018-03-16 13:21:34 [scrapy.core.engine] DEBUG: Crawled (200) <GET http://www.espncricinfo.com/ci/content/player/caps.html?country=19;class=1> (referer: None)
2018-03-16 13:21:35 [scrapy.core.engine] DEBUG: Crawled (200) <GET http://www.espncricinfo.com/ci/content/player/caps.html?country=20;class=1> (referer: None)
2018-03-16 13:21:35 [scrapy.core.engine] DEBUG: Crawled (200) <GET http://www.espncricinfo.com/ci/content/player/caps.html?country=19;class=3> (referer: None)
2018-03-16 13:21:35 [scrapy.core.engine] DEBUG: Crawled (200) <GET http://www.espncricinfo.com/ci/content/player/caps.html?country=40;class=3> (referer: None)
2018-03-16 13:21:35 [scrapy.core.engine] DEBUG: Crawled (200) <GET http://www.espncricinfo.com/ci/content/player/caps.html?country=20;class=2> (referer: None)
2018-03-16 13:21:35 [scrapy.core.engine] DEBUG: Crawled (200) <GET http://www.espncricinfo.com/ci/content/player/caps.html?country=20;class=3> (referer: None)
2018-03-16 13:21:35 [scrapy.core.engine] DEBUG: Crawled (200) <GET http://www.espncricinfo.com/ci/content/player/caps.html?country=12;class=1> (referer: None)
2018-03-16 13:21:35 [scrapy.core.engine] DEBUG: Crawled (200) <GET http://www.espncricinfo.com/ci/content/player/caps.html?country=12;class=3> (referer: None)
2018-03-16 13:21:35 [scrapy.core.engine] DEBUG: Crawled (200) <GET http://www.espncricinfo.com/ci/content/player/caps.html?country=37;class=1> (referer: None)
2018-03-16 13:21:36 [scrapy.core.engine] DEBUG: Crawled (200) <GET http://www.espncricinfo.com/ci/content/player/caps.html?country=37;class=3> (referer: None)
2018-03-16 13:21:36 [scrapy.core.engine] DEBUG: Crawled (200) <GET http://www.espncricinfo.com/ci/content/player/caps.html?country=29;class=2> (referer: None)
2018-03-16 13:21:36 [scrapy.core.engine] DEBUG: Crawled (200) <GET http://www.espncricinfo.com/ci/content/player/caps.html?country=55;class=1> (referer: None)
2018-03-16 13:21:36 [scrapy.core.engine] DEBUG: Crawled (200) <GET http://www.espncricinfo.com/ci/content/player/caps.html?country=55;class=2> (referer: None)
2018-03-16 13:21:36 [scrapy.core.engine] DEBUG: Crawled (200) <GET http://www.espncricinfo.com/ci/content/player/caps.html?country=55;class=3> (referer: None)
2018-03-16 13:21:36 [scrapy.core.engine] DEBUG: Crawled (200) <GET http://www.espncricinfo.com/ci/content/player/caps.html?country=33;class=2> (referer: None)
2018-03-16 13:21:36 [scrapy.core.engine] DEBUG: Crawled (200) <GET http://www.espncricinfo.com/ci/content/player/caps.html?country=5;class=1> (referer: None)
2018-03-16 13:21:36 [scrapy.core.engine] DEBUG: Crawled (200) <GET http://www.espncricinfo.com/ci/content/player/caps.html?country=33;class=3> (referer: None)
2018-03-16 13:21:37 [scrapy.core.engine] DEBUG: Crawled (200) <GET http://www.espncricinfo.com/ci/content/player/caps.html?country=89;class=2> (referer: None)
2018-03-16 13:21:37 [scrapy.core.engine] DEBUG: Crawled (200) <GET http://www.espncricinfo.com/ci/content/player/caps.html?country=89;class=1> (referer: None)
2018-03-16 13:21:37 [scrapy.core.engine] DEBUG: Crawled (200) <GET http://www.espncricinfo.com/ci/content/player/caps.html?country=89;class=3> (referer: None)
2018-03-16 13:21:37 [scrapy.core.engine] DEBUG: Crawled (200) <GET http://www.espncricinfo.com/ci/content/player/caps.html?country=213709;class=1> (referer: None)
2018-03-16 13:21:37 [scrapy.core.engine] DEBUG: Crawled (200) <GET http://www.espncricinfo.com/ci/content/player/caps.html?country=213709;class=2> (referer: None)
2018-03-16 13:21:37 [scrapy.core.engine] DEBUG: Crawled (200) <GET http://www.espncricinfo.com/ci/content/player/caps.html?country=37;class=2> (referer: None)
2018-03-16 13:21:37 [scrapy.core.engine] DEBUG: Crawled (200) <GET http://www.espncricinfo.com/ci/content/player/caps.html?country=19;class=2> (referer: None)
2018-03-16 13:21:37 [scrapy.core.engine] DEBUG: Crawled (200) <GET http://www.espncricinfo.com/ci/content/player/caps.html?country=14;class=2> (referer: None)
2018-03-16 13:21:38 [scrapy.core.engine] DEBUG: Crawled (200) <GET http://www.espncricinfo.com/ci/content/player/caps.html?country=14;class=3> (referer: None)
2018-03-16 13:21:38 [scrapy.core.engine] DEBUG: Crawled (200) <GET http://www.espncricinfo.com/ci/content/player/caps.html?country=15;class=1> (referer: None)
2018-03-16 13:21:38 [scrapy.core.engine] DEBUG: Crawled (200) <GET http://www.espncricinfo.com/ci/content/player/caps.html?country=28;class=3> (referer: None)
2018-03-16 13:21:38 [scrapy.core.engine] DEBUG: Crawled (200) <GET http://www.espncricinfo.com/ci/content/player/caps.html?country=27;class=1> (referer: None)
2018-03-16 13:21:38 [scrapy.core.engine] DEBUG: Crawled (200) <GET http://www.espncricinfo.com/ci/content/player/caps.html?country=11;class=1> (referer: None)
2018-03-16 13:21:39 [scrapy.core.engine] DEBUG: Crawled (200) <GET http://www.espncricinfo.com/ci/content/player/caps.html?country=11;class=2> (referer: None)
2018-03-16 13:21:39 [scrapy.core.engine] DEBUG: Crawled (200) <GET http://www.espncricinfo.com/ci/content/player/caps.html?country=11;class=3> (referer: None)
2018-03-16 13:21:39 [scrapy.core.engine] DEBUG: Crawled (200) <GET http://www.espncricinfo.com/ci/content/player/caps.html?country=28;class=2> (referer: None)
2018-03-16 13:21:40 [scrapy.core.engine] DEBUG: Crawled (200) <GET http://www.espncricinfo.com/ci/content/player/caps.html?country=12;class=2> (referer: None)
2018-03-16 13:21:40 [scrapy.core.engine] DEBUG: Crawled (200) <GET http://www.espncricinfo.com/ci/content/player/caps.html?country=33;class=1> (referer: None)
2018-03-16 13:21:41 [scrapy.core.engine] DEBUG: Crawled (200) <GET http://www.espncricinfo.com/ci/content/player/caps.html?country=14;class=1> (referer: None)
2018-03-16 13:21:41 [scrapy.core.engine] DEBUG: Crawled (200) <GET http://www.espncricinfo.com/ci/content/player/caps.html?country=28;class=1> (referer: None)
2018-03-16 13:21:41 [scrapy.core.engine] DEBUG: Crawled (200) <GET http://www.espncricinfo.com/ci/content/player/caps.html?country=213709;class=3> (referer: None)
2018-03-16 13:21:41 [scrapy.core.engine] INFO: Closing spider (finished)
2018-03-16 13:21:41 [scrapy.statscollectors] INFO: Dumping Scrapy stats:
{'downloader/request_bytes': 34653,
 'downloader/request_count': 85,
 'downloader/request_method_count/GET': 85,
 'downloader/response_bytes': 1109637,
 'downloader/response_count': 85,
 'downloader/response_status_count/200': 84,
 'downloader/response_status_count/404': 1,
 'finish_reason': 'finished',
 'finish_time': datetime.datetime(2018, 3, 16, 18, 21, 41, 803105),
 'log_count/DEBUG': 86,
 'log_count/INFO': 7,
 'memusage/max': 53682176,
 'memusage/startup': 53678080,
 'response_received_count': 85,
 'scheduler/dequeued': 84,
 'scheduler/dequeued/memory': 84,
 'scheduler/enqueued': 84,
 'scheduler/enqueued/memory': 84,
 'start_time': datetime.datetime(2018, 3, 16, 18, 21, 28, 752560)}
2018-03-16 13:21:41 [scrapy.core.engine] INFO: Spider closed (finished)
