2018-03-15 10:24:19 [scrapy.utils.log] INFO: Scrapy 1.4.0 started (bot: cricinfo)
2018-03-15 10:24:19 [scrapy.utils.log] INFO: Overridden settings: {'BOT_NAME': 'cricinfo', 'LOG_FILE': 'logs/match-summary.log', 'NEWSPIDER_MODULE': 'cricinfo.spiders', 'ROBOTSTXT_OBEY': True, 'SPIDER_MODULES': ['cricinfo.spiders']}
2018-03-15 10:24:19 [scrapy.middleware] INFO: Enabled extensions:
['scrapy.extensions.corestats.CoreStats',
 'scrapy.extensions.telnet.TelnetConsole',
 'scrapy.extensions.memusage.MemoryUsage',
 'scrapy.extensions.logstats.LogStats']
2018-03-15 10:24:20 [scrapy.middleware] INFO: Enabled downloader middlewares:
['scrapy.downloadermiddlewares.robotstxt.RobotsTxtMiddleware',
 'scrapy.downloadermiddlewares.httpauth.HttpAuthMiddleware',
 'scrapy.downloadermiddlewares.downloadtimeout.DownloadTimeoutMiddleware',
 'scrapy.downloadermiddlewares.defaultheaders.DefaultHeadersMiddleware',
 'scrapy.downloadermiddlewares.useragent.UserAgentMiddleware',
 'scrapy.downloadermiddlewares.retry.RetryMiddleware',
 'scrapy.downloadermiddlewares.redirect.MetaRefreshMiddleware',
 'scrapy.downloadermiddlewares.httpcompression.HttpCompressionMiddleware',
 'scrapy.downloadermiddlewares.redirect.RedirectMiddleware',
 'scrapy.downloadermiddlewares.cookies.CookiesMiddleware',
 'scrapy.downloadermiddlewares.httpproxy.HttpProxyMiddleware',
 'scrapy.downloadermiddlewares.stats.DownloaderStats']
2018-03-15 10:24:20 [scrapy.middleware] INFO: Enabled spider middlewares:
['scrapy.spidermiddlewares.httperror.HttpErrorMiddleware',
 'scrapy.spidermiddlewares.offsite.OffsiteMiddleware',
 'scrapy.spidermiddlewares.referer.RefererMiddleware',
 'scrapy.spidermiddlewares.urllength.UrlLengthMiddleware',
 'scrapy.spidermiddlewares.depth.DepthMiddleware']
2018-03-15 10:24:20 [scrapy.middleware] INFO: Enabled item pipelines:
[]
2018-03-15 10:24:20 [scrapy.core.engine] INFO: Spider opened
2018-03-15 10:24:20 [scrapy.extensions.logstats] INFO: Crawled 0 pages (at 0 pages/min), scraped 0 items (at 0 items/min)
2018-03-15 10:24:20 [scrapy.extensions.telnet] DEBUG: Telnet console listening on 127.0.0.1:6024
2018-03-15 10:24:20 [scrapy.core.engine] DEBUG: Crawled (200) <GET http://stats.espncricinfo.com/robots.txt> (referer: None)
2018-03-15 10:24:28 [scrapy.core.engine] DEBUG: Crawled (200) <GET http://stats.espncricinfo.com/ci/engine/records/team/match_results.html?class=13;id=1884;type=year> (referer: None)
2018-03-15 10:24:28 [scrapy.core.engine] DEBUG: Crawled (200) <GET http://stats.espncricinfo.com/ci/engine/records/team/match_results.html?class=13;id=1881;type=year> (referer: None)
2018-03-15 10:24:30 [scrapy.core.engine] DEBUG: Crawled (200) <GET http://stats.espncricinfo.com/ci/engine/records/team/match_results.html?class=13;id=1877;type=year> (referer: None)
2018-03-15 10:24:30 [scrapy.core.engine] DEBUG: Crawled (200) <GET http://stats.espncricinfo.com/ci/engine/records/team/match_results.html?class=13;id=1879;type=year> (referer: None)
2018-03-15 10:24:32 [scrapy.core.engine] DEBUG: Crawled (200) <GET http://stats.espncricinfo.com/ci/engine/records/team/match_results.html?class=13;id=1878;type=year> (referer: None)
2018-03-15 10:24:33 [scrapy.core.engine] DEBUG: Crawled (200) <GET http://stats.espncricinfo.com/ci/engine/records/team/match_results.html?class=13;id=1880;type=year> (referer: None)
2018-03-15 10:24:34 [scrapy.core.engine] DEBUG: Crawled (200) <GET http://stats.espncricinfo.com/ci/engine/records/team/match_results.html?class=13;id=1883;type=year> (referer: None)
2018-03-15 10:24:35 [scrapy.core.engine] DEBUG: Crawled (200) <GET http://stats.espncricinfo.com/ci/engine/records/team/match_results.html?class=13;id=1882;type=year> (referer: None)
2018-03-15 10:24:36 [scrapy.core.engine] DEBUG: Crawled (200) <GET http://stats.espncricinfo.com/ci/engine/records/team/match_results.html?class=13;id=1886;type=year> (referer: None)
2018-03-15 10:24:38 [scrapy.core.engine] DEBUG: Crawled (200) <GET http://stats.espncricinfo.com/ci/engine/records/team/match_results.html?class=13;id=1885;type=year> (referer: None)
2018-03-15 10:24:39 [scrapy.core.engine] DEBUG: Crawled (200) <GET http://stats.espncricinfo.com/ci/engine/records/team/match_results.html?class=13;id=1889;type=year> (referer: None)
2018-03-15 10:24:40 [scrapy.core.engine] DEBUG: Crawled (200) <GET http://stats.espncricinfo.com/ci/engine/records/team/match_results.html?class=13;id=1888;type=year> (referer: None)
2018-03-15 10:24:41 [scrapy.core.engine] DEBUG: Crawled (200) <GET http://stats.espncricinfo.com/ci/engine/records/team/match_results.html?class=13;id=1887;type=year> (referer: None)
2018-03-15 10:24:42 [scrapy.core.engine] DEBUG: Crawled (200) <GET http://stats.espncricinfo.com/ci/engine/records/team/match_results.html?class=13;id=1890;type=year> (referer: None)
2018-03-15 10:24:42 [scrapy.core.engine] DEBUG: Crawled (200) <GET http://stats.espncricinfo.com/ci/engine/records/team/match_results.html?class=13;id=1891;type=year> (referer: None)
2018-03-15 10:24:46 [scrapy.core.engine] DEBUG: Crawled (200) <GET http://stats.espncricinfo.com/ci/engine/records/team/match_results.html?class=13;id=1893;type=year> (referer: None)
2018-03-15 10:24:48 [scrapy.core.engine] DEBUG: Crawled (200) <GET http://stats.espncricinfo.com/ci/engine/records/team/match_results.html?class=13;id=1894;type=year> (referer: None)
2018-03-15 10:24:48 [scrapy.core.engine] DEBUG: Crawled (200) <GET http://stats.espncricinfo.com/ci/engine/records/team/match_results.html?class=13;id=1892;type=year> (referer: None)
2018-03-15 10:24:48 [scrapy.core.engine] DEBUG: Crawled (200) <GET http://stats.espncricinfo.com/ci/engine/records/team/match_results.html?class=13;id=1895;type=year> (referer: None)
2018-03-15 10:24:51 [scrapy.core.engine] DEBUG: Crawled (200) <GET http://stats.espncricinfo.com/ci/engine/records/team/match_results.html?class=13;id=1898;type=year> (referer: None)
2018-03-15 10:24:52 [scrapy.core.engine] DEBUG: Crawled (200) <GET http://stats.espncricinfo.com/ci/engine/records/team/match_results.html?class=13;id=1896;type=year> (referer: None)
2018-03-15 10:24:52 [scrapy.core.engine] DEBUG: Crawled (200) <GET http://stats.espncricinfo.com/ci/engine/records/team/match_results.html?class=13;id=1897;type=year> (referer: None)
2018-03-15 10:24:52 [scrapy.core.engine] DEBUG: Crawled (200) <GET http://stats.espncricinfo.com/ci/engine/records/team/match_results.html?class=13;id=1899;type=year> (referer: None)
2018-03-15 10:24:54 [scrapy.core.engine] DEBUG: Crawled (200) <GET http://stats.espncricinfo.com/ci/engine/records/team/match_results.html?class=13;id=1900;type=year> (referer: None)
2018-03-15 10:24:59 [scrapy.core.engine] DEBUG: Crawled (200) <GET http://stats.espncricinfo.com/ci/engine/records/team/match_results.html?class=13;id=1903;type=year> (referer: None)
2018-03-15 10:24:59 [scrapy.core.engine] DEBUG: Crawled (200) <GET http://stats.espncricinfo.com/ci/engine/records/team/match_results.html?class=13;id=1902;type=year> (referer: None)
2018-03-15 10:24:59 [scrapy.core.engine] DEBUG: Crawled (200) <GET http://stats.espncricinfo.com/ci/engine/records/team/match_results.html?class=13;id=1905;type=year> (referer: None)
2018-03-15 10:25:01 [scrapy.core.engine] DEBUG: Crawled (200) <GET http://stats.espncricinfo.com/ci/engine/records/team/match_results.html?class=13;id=1901;type=year> (referer: None)
2018-03-15 10:25:03 [scrapy.core.engine] DEBUG: Crawled (200) <GET http://stats.espncricinfo.com/ci/engine/records/team/match_results.html?class=13;id=1907;type=year> (referer: None)
2018-03-15 10:25:04 [scrapy.core.engine] DEBUG: Crawled (200) <GET http://stats.espncricinfo.com/ci/engine/records/team/match_results.html?class=13;id=1908;type=year> (referer: None)
2018-03-15 10:25:07 [scrapy.core.engine] DEBUG: Crawled (200) <GET http://stats.espncricinfo.com/ci/engine/records/team/match_results.html?class=13;id=1904;type=year> (referer: None)
2018-03-15 10:25:09 [scrapy.core.engine] DEBUG: Crawled (200) <GET http://stats.espncricinfo.com/ci/engine/records/team/match_results.html?class=13;id=1906;type=year> (referer: None)
2018-03-15 10:25:09 [scrapy.core.engine] DEBUG: Crawled (200) <GET http://stats.espncricinfo.com/ci/engine/records/team/match_results.html?class=13;id=1912;type=year> (referer: None)
2018-03-15 10:25:09 [scrapy.core.engine] DEBUG: Crawled (200) <GET http://stats.espncricinfo.com/ci/engine/records/team/match_results.html?class=13;id=1910;type=year> (referer: None)
2018-03-15 10:25:12 [scrapy.core.engine] DEBUG: Crawled (200) <GET http://stats.espncricinfo.com/ci/engine/records/team/match_results.html?class=13;id=1909;type=year> (referer: None)
2018-03-15 10:25:13 [scrapy.core.engine] DEBUG: Crawled (200) <GET http://stats.espncricinfo.com/ci/engine/records/team/match_results.html?class=13;id=1911;type=year> (referer: None)
2018-03-15 10:25:16 [scrapy.core.engine] DEBUG: Crawled (200) <GET http://stats.espncricinfo.com/ci/engine/records/team/match_results.html?class=13;id=1918;type=year> (referer: None)
2018-03-15 10:25:16 [scrapy.core.engine] DEBUG: Crawled (200) <GET http://stats.espncricinfo.com/ci/engine/records/team/match_results.html?class=13;id=1914;type=year> (referer: None)
2018-03-15 10:25:17 [scrapy.core.engine] DEBUG: Crawled (200) <GET http://stats.espncricinfo.com/ci/engine/records/team/match_results.html?class=13;id=1916;type=year> (referer: None)
2018-03-15 10:25:19 [scrapy.core.engine] DEBUG: Crawled (200) <GET http://stats.espncricinfo.com/ci/engine/records/team/match_results.html?class=13;id=1913;type=year> (referer: None)
2018-03-15 10:25:20 [scrapy.extensions.logstats] INFO: Crawled 41 pages (at 41 pages/min), scraped 0 items (at 0 items/min)
2018-03-15 10:25:20 [scrapy.core.engine] DEBUG: Crawled (200) <GET http://stats.espncricinfo.com/ci/engine/records/team/match_results.html?class=13;id=1919;type=year> (referer: None)
2018-03-15 10:25:22 [scrapy.core.engine] DEBUG: Crawled (200) <GET http://stats.espncricinfo.com/ci/engine/records/team/match_results.html?class=13;id=1920;type=year> (referer: None)
2018-03-15 10:25:22 [scrapy.core.engine] DEBUG: Crawled (200) <GET http://stats.espncricinfo.com/ci/engine/records/team/match_results.html?class=13;id=1915;type=year> (referer: None)
2018-03-15 10:25:24 [scrapy.core.engine] DEBUG: Crawled (200) <GET http://stats.espncricinfo.com/ci/engine/records/team/match_results.html?class=13;id=1917;type=year> (referer: None)
2018-03-15 10:25:24 [scrapy.core.engine] DEBUG: Crawled (200) <GET http://stats.espncricinfo.com/ci/engine/records/team/match_results.html?class=13;id=1923;type=year> (referer: None)
2018-03-15 10:25:24 [scrapy.core.engine] DEBUG: Crawled (200) <GET http://stats.espncricinfo.com/ci/engine/records/team/match_results.html?class=13;id=1922;type=year> (referer: None)
2018-03-15 10:25:24 [scrapy.core.engine] DEBUG: Crawled (200) <GET http://stats.espncricinfo.com/ci/engine/records/team/match_results.html?class=13;id=1921;type=year> (referer: None)
2018-03-15 10:25:29 [scrapy.core.engine] DEBUG: Crawled (200) <GET http://stats.espncricinfo.com/ci/engine/records/team/match_results.html?class=13;id=1927;type=year> (referer: None)
2018-03-15 10:25:31 [scrapy.core.engine] DEBUG: Crawled (200) <GET http://stats.espncricinfo.com/ci/engine/records/team/match_results.html?class=13;id=1924;type=year> (referer: None)
2018-03-15 10:25:32 [scrapy.core.engine] DEBUG: Crawled (200) <GET http://stats.espncricinfo.com/ci/engine/records/team/match_results.html?class=13;id=1925;type=year> (referer: None)
2018-03-15 10:25:37 [scrapy.core.engine] DEBUG: Crawled (200) <GET http://stats.espncricinfo.com/ci/engine/records/team/match_results.html?class=13;id=1929;type=year> (referer: None)
2018-03-15 10:25:37 [scrapy.core.engine] DEBUG: Crawled (200) <GET http://stats.espncricinfo.com/ci/engine/records/team/match_results.html?class=13;id=1926;type=year> (referer: None)
2018-03-15 10:25:38 [scrapy.core.engine] DEBUG: Crawled (200) <GET http://stats.espncricinfo.com/ci/engine/records/team/match_results.html?class=13;id=1930;type=year> (referer: None)
2018-03-15 10:25:38 [scrapy.core.engine] DEBUG: Crawled (200) <GET http://stats.espncricinfo.com/ci/engine/records/team/match_results.html?class=13;id=1932;type=year> (referer: None)
2018-03-15 10:25:39 [scrapy.core.engine] DEBUG: Crawled (200) <GET http://stats.espncricinfo.com/ci/engine/records/team/match_results.html?class=13;id=1934;type=year> (referer: None)
2018-03-15 10:25:40 [scrapy.core.engine] DEBUG: Crawled (200) <GET http://stats.espncricinfo.com/ci/engine/records/team/match_results.html?class=13;id=1928;type=year> (referer: None)
2018-03-15 10:25:41 [scrapy.core.engine] DEBUG: Crawled (200) <GET http://stats.espncricinfo.com/ci/engine/records/team/match_results.html?class=13;id=1931;type=year> (referer: None)
2018-03-15 10:25:44 [scrapy.core.engine] DEBUG: Crawled (200) <GET http://stats.espncricinfo.com/ci/engine/records/team/match_results.html?class=13;id=1936;type=year> (referer: None)
2018-03-15 10:25:45 [scrapy.core.engine] DEBUG: Crawled (200) <GET http://stats.espncricinfo.com/ci/engine/records/team/match_results.html?class=13;id=1933;type=year> (referer: None)
2018-03-15 10:25:47 [scrapy.core.engine] DEBUG: Crawled (200) <GET http://stats.espncricinfo.com/ci/engine/records/team/match_results.html?class=13;id=1938;type=year> (referer: None)
2018-03-15 10:25:47 [scrapy.core.engine] DEBUG: Crawled (200) <GET http://stats.espncricinfo.com/ci/engine/records/team/match_results.html?class=13;id=1939;type=year> (referer: None)
2018-03-15 10:25:52 [scrapy.core.engine] DEBUG: Crawled (200) <GET http://stats.espncricinfo.com/ci/engine/records/team/match_results.html?class=13;id=1935;type=year> (referer: None)
2018-03-15 10:25:52 [scrapy.core.engine] DEBUG: Crawled (200) <GET http://stats.espncricinfo.com/ci/engine/records/team/match_results.html?class=13;id=1937;type=year> (referer: None)
2018-03-15 10:25:52 [scrapy.core.engine] DEBUG: Crawled (200) <GET http://stats.espncricinfo.com/ci/engine/records/team/match_results.html?class=13;id=1940;type=year> (referer: None)
2018-03-15 10:25:52 [scrapy.core.engine] DEBUG: Crawled (200) <GET http://stats.espncricinfo.com/ci/engine/records/team/match_results.html?class=13;id=1941;type=year> (referer: None)
2018-03-15 10:25:52 [scrapy.core.engine] DEBUG: Crawled (200) <GET http://stats.espncricinfo.com/ci/engine/records/team/match_results.html?class=13;id=1942;type=year> (referer: None)
2018-03-15 10:25:54 [scrapy.core.engine] DEBUG: Crawled (200) <GET http://stats.espncricinfo.com/ci/engine/records/team/match_results.html?class=13;id=1943;type=year> (referer: None)
2018-03-15 10:25:55 [scrapy.core.engine] DEBUG: Crawled (200) <GET http://stats.espncricinfo.com/ci/engine/records/team/match_results.html?class=13;id=1945;type=year> (referer: None)
2018-03-15 10:25:55 [scrapy.core.engine] DEBUG: Crawled (200) <GET http://stats.espncricinfo.com/ci/engine/records/team/match_results.html?class=13;id=1944;type=year> (referer: None)
2018-03-15 10:26:00 [scrapy.core.engine] DEBUG: Crawled (200) <GET http://stats.espncricinfo.com/ci/engine/records/team/match_results.html?class=13;id=1947;type=year> (referer: None)
2018-03-15 10:26:01 [scrapy.core.engine] DEBUG: Crawled (200) <GET http://stats.espncricinfo.com/ci/engine/records/team/match_results.html?class=13;id=1949;type=year> (referer: None)
2018-03-15 10:26:02 [scrapy.core.engine] DEBUG: Crawled (200) <GET http://stats.espncricinfo.com/ci/engine/records/team/match_results.html?class=13;id=1946;type=year> (referer: None)
2018-03-15 10:26:02 [scrapy.core.engine] DEBUG: Crawled (200) <GET http://stats.espncricinfo.com/ci/engine/records/team/match_results.html?class=13;id=1948;type=year> (referer: None)
2018-03-15 10:26:02 [scrapy.core.engine] DEBUG: Crawled (200) <GET http://stats.espncricinfo.com/ci/engine/records/team/match_results.html?class=13;id=1951;type=year> (referer: None)
2018-03-15 10:26:02 [scrapy.core.engine] DEBUG: Crawled (200) <GET http://stats.espncricinfo.com/ci/engine/records/team/match_results.html?class=13;id=1950;type=year> (referer: None)
2018-03-15 10:26:05 [scrapy.core.engine] DEBUG: Crawled (200) <GET http://stats.espncricinfo.com/ci/engine/records/team/match_results.html?class=13;id=1952;type=year> (referer: None)
2018-03-15 10:26:06 [scrapy.core.engine] DEBUG: Crawled (200) <GET http://stats.espncricinfo.com/ci/engine/records/team/match_results.html?class=13;id=1953;type=year> (referer: None)
2018-03-15 10:26:08 [scrapy.core.engine] DEBUG: Crawled (200) <GET http://stats.espncricinfo.com/ci/engine/records/team/match_results.html?class=13;id=1954;type=year> (referer: None)
2018-03-15 10:26:09 [scrapy.core.engine] DEBUG: Crawled (200) <GET http://stats.espncricinfo.com/ci/engine/records/team/match_results.html?class=13;id=1956;type=year> (referer: None)
2018-03-15 10:26:11 [scrapy.core.engine] DEBUG: Crawled (200) <GET http://stats.espncricinfo.com/ci/engine/records/team/match_results.html?class=13;id=1955;type=year> (referer: None)
2018-03-15 10:26:11 [scrapy.core.engine] DEBUG: Crawled (200) <GET http://stats.espncricinfo.com/ci/engine/records/team/match_results.html?class=13;id=1958;type=year> (referer: None)
2018-03-15 10:26:13 [scrapy.core.engine] DEBUG: Crawled (200) <GET http://stats.espncricinfo.com/ci/engine/records/team/match_results.html?class=13;id=1957;type=year> (referer: None)
2018-03-15 10:26:14 [scrapy.core.engine] DEBUG: Crawled (200) <GET http://stats.espncricinfo.com/ci/engine/records/team/match_results.html?class=13;id=1960;type=year> (referer: None)
2018-03-15 10:26:14 [scrapy.core.engine] DEBUG: Crawled (200) <GET http://stats.espncricinfo.com/ci/engine/records/team/match_results.html?class=13;id=1959;type=year> (referer: None)
2018-03-15 10:26:16 [scrapy.core.engine] DEBUG: Crawled (200) <GET http://stats.espncricinfo.com/ci/engine/records/team/match_results.html?class=13;id=1962;type=year> (referer: None)
2018-03-15 10:26:17 [scrapy.core.engine] DEBUG: Crawled (200) <GET http://stats.espncricinfo.com/ci/engine/records/team/match_results.html?class=13;id=1961;type=year> (referer: None)
2018-03-15 10:26:19 [scrapy.core.engine] DEBUG: Crawled (200) <GET http://stats.espncricinfo.com/ci/engine/records/team/match_results.html?class=13;id=1964;type=year> (referer: None)
2018-03-15 10:26:19 [scrapy.core.engine] DEBUG: Crawled (200) <GET http://stats.espncricinfo.com/ci/engine/records/team/match_results.html?class=13;id=1965;type=year> (referer: None)
2018-03-15 10:26:20 [scrapy.core.engine] DEBUG: Crawled (200) <GET http://stats.espncricinfo.com/ci/engine/records/team/match_results.html?class=13;id=1963;type=year> (referer: None)
2018-03-15 10:26:21 [scrapy.extensions.logstats] INFO: Crawled 90 pages (at 49 pages/min), scraped 0 items (at 0 items/min)
2018-03-15 10:26:22 [scrapy.core.engine] DEBUG: Crawled (200) <GET http://stats.espncricinfo.com/ci/engine/records/team/match_results.html?class=13;id=1968;type=year> (referer: None)
2018-03-15 10:26:24 [scrapy.core.engine] DEBUG: Crawled (200) <GET http://stats.espncricinfo.com/ci/engine/records/team/match_results.html?class=13;id=1967;type=year> (referer: None)
2018-03-15 10:26:24 [scrapy.core.engine] DEBUG: Crawled (200) <GET http://stats.espncricinfo.com/ci/engine/records/team/match_results.html?class=13;id=1966;type=year> (referer: None)
2018-03-15 10:26:26 [scrapy.core.engine] DEBUG: Crawled (200) <GET http://stats.espncricinfo.com/ci/engine/records/team/match_results.html?class=13;id=1969;type=year> (referer: None)
2018-03-15 10:26:28 [scrapy.core.engine] DEBUG: Crawled (200) <GET http://stats.espncricinfo.com/ci/engine/records/team/match_results.html?class=13;id=1971;type=year> (referer: None)
2018-03-15 10:26:29 [scrapy.core.engine] DEBUG: Crawled (200) <GET http://stats.espncricinfo.com/ci/engine/records/team/match_results.html?class=13;id=1970;type=year> (referer: None)
2018-03-15 10:26:29 [scrapy.core.engine] DEBUG: Crawled (200) <GET http://stats.espncricinfo.com/ci/engine/records/team/match_results.html?class=13;id=1973;type=year> (referer: None)
2018-03-15 10:26:32 [scrapy.core.engine] DEBUG: Crawled (200) <GET http://stats.espncricinfo.com/ci/engine/records/team/match_results.html?class=13;id=1975;type=year> (referer: None)
2018-03-15 10:26:32 [scrapy.core.engine] DEBUG: Crawled (200) <GET http://stats.espncricinfo.com/ci/engine/records/team/match_results.html?class=13;id=1972;type=year> (referer: None)
2018-03-15 10:26:36 [scrapy.core.engine] DEBUG: Crawled (200) <GET http://stats.espncricinfo.com/ci/engine/records/team/match_results.html?class=13;id=1977;type=year> (referer: None)
2018-03-15 10:26:36 [scrapy.core.engine] DEBUG: Crawled (200) <GET http://stats.espncricinfo.com/ci/engine/records/team/match_results.html?class=13;id=1976;type=year> (referer: None)
2018-03-15 10:26:36 [scrapy.core.engine] DEBUG: Crawled (200) <GET http://stats.espncricinfo.com/ci/engine/records/team/match_results.html?class=13;id=1974;type=year> (referer: None)
2018-03-15 10:26:38 [scrapy.core.engine] DEBUG: Crawled (200) <GET http://stats.espncricinfo.com/ci/engine/records/team/match_results.html?class=13;id=1979;type=year> (referer: None)
2018-03-15 10:26:42 [scrapy.core.engine] DEBUG: Crawled (200) <GET http://stats.espncricinfo.com/ci/engine/records/team/match_results.html?class=13;id=1980;type=year> (referer: None)
2018-03-15 10:26:42 [scrapy.core.engine] DEBUG: Crawled (200) <GET http://stats.espncricinfo.com/ci/engine/records/team/match_results.html?class=13;id=1981;type=year> (referer: None)
2018-03-15 10:26:42 [scrapy.core.engine] DEBUG: Crawled (200) <GET http://stats.espncricinfo.com/ci/engine/records/team/match_results.html?class=13;id=1978;type=year> (referer: None)
2018-03-15 10:26:51 [scrapy.core.engine] DEBUG: Crawled (200) <GET http://stats.espncricinfo.com/ci/engine/records/team/match_results.html?class=13;id=1983;type=year> (referer: None)
2018-03-15 10:26:51 [scrapy.core.engine] DEBUG: Crawled (200) <GET http://stats.espncricinfo.com/ci/engine/records/team/match_results.html?class=13;id=1984;type=year> (referer: None)
2018-03-15 10:26:51 [scrapy.core.engine] DEBUG: Crawled (200) <GET http://stats.espncricinfo.com/ci/engine/records/team/match_results.html?class=13;id=1982;type=year> (referer: None)
2018-03-15 10:26:51 [scrapy.core.engine] DEBUG: Crawled (200) <GET http://stats.espncricinfo.com/ci/engine/records/team/match_results.html?class=13;id=1985;type=year> (referer: None)
2018-03-15 10:26:51 [scrapy.core.engine] DEBUG: Crawled (200) <GET http://stats.espncricinfo.com/ci/engine/records/team/match_results.html?class=13;id=1986;type=year> (referer: None)
2018-03-15 10:26:56 [scrapy.core.engine] DEBUG: Crawled (200) <GET http://stats.espncricinfo.com/ci/engine/records/team/match_results.html?class=13;id=1987;type=year> (referer: None)
2018-03-15 10:26:56 [scrapy.core.engine] DEBUG: Crawled (200) <GET http://stats.espncricinfo.com/ci/engine/records/team/match_results.html?class=13;id=1988;type=year> (referer: None)
2018-03-15 10:26:56 [scrapy.core.engine] DEBUG: Crawled (200) <GET http://stats.espncricinfo.com/ci/engine/records/team/match_results.html?class=13;id=1989;type=year> (referer: None)
2018-03-15 10:27:06 [scrapy.core.engine] DEBUG: Crawled (200) <GET http://stats.espncricinfo.com/ci/engine/records/team/match_results.html?class=13;id=1990;type=year> (referer: None)
2018-03-15 10:27:06 [scrapy.core.engine] DEBUG: Crawled (200) <GET http://stats.espncricinfo.com/ci/engine/records/team/match_results.html?class=13;id=1991;type=year> (referer: None)
2018-03-15 10:27:06 [scrapy.core.engine] DEBUG: Crawled (200) <GET http://stats.espncricinfo.com/ci/engine/records/team/match_results.html?class=13;id=1994;type=year> (referer: None)
2018-03-15 10:27:06 [scrapy.core.engine] DEBUG: Crawled (200) <GET http://stats.espncricinfo.com/ci/engine/records/team/match_results.html?class=13;id=1992;type=year> (referer: None)
2018-03-15 10:27:06 [scrapy.core.engine] DEBUG: Crawled (200) <GET http://stats.espncricinfo.com/ci/engine/records/team/match_results.html?class=13;id=1993;type=year> (referer: None)
2018-03-15 10:27:26 [scrapy.core.engine] DEBUG: Crawled (200) <GET http://stats.espncricinfo.com/ci/engine/records/team/match_results.html?class=13;id=1995;type=year> (referer: None)
2018-03-15 10:27:26 [scrapy.core.engine] DEBUG: Crawled (200) <GET http://stats.espncricinfo.com/ci/engine/records/team/match_results.html?class=13;id=1996;type=year> (referer: None)
2018-03-15 10:27:26 [scrapy.core.engine] DEBUG: Crawled (200) <GET http://stats.espncricinfo.com/ci/engine/records/team/match_results.html?class=13;id=1997;type=year> (referer: None)
2018-03-15 10:27:26 [scrapy.extensions.logstats] INFO: Crawled 122 pages (at 32 pages/min), scraped 0 items (at 0 items/min)
2018-03-15 10:27:26 [scrapy.core.engine] DEBUG: Crawled (200) <GET http://stats.espncricinfo.com/ci/engine/records/team/match_results.html?class=13;id=1999;type=year> (referer: None)
2018-03-15 10:27:32 [scrapy.core.engine] DEBUG: Crawled (200) <GET http://stats.espncricinfo.com/ci/engine/records/team/match_results.html?class=13;id=1998;type=year> (referer: None)
2018-03-15 10:27:32 [scrapy.core.engine] DEBUG: Crawled (200) <GET http://stats.espncricinfo.com/ci/engine/records/team/match_results.html?class=13;id=2000;type=year> (referer: None)
2018-03-15 10:27:41 [scrapy.core.engine] DEBUG: Crawled (200) <GET http://stats.espncricinfo.com/ci/engine/records/team/match_results.html?class=13;id=2003;type=year> (referer: None)
2018-03-15 10:27:41 [scrapy.downloadermiddlewares.retry] DEBUG: Retrying <GET http://stats.espncricinfo.com/ci/engine/records/team/match_results.html?class=13;id=2001;type=year> (failed 1 times): 504 Gateway Time-out
2018-03-15 10:27:41 [scrapy.downloadermiddlewares.retry] DEBUG: Retrying <GET http://stats.espncricinfo.com/ci/engine/records/team/match_results.html?class=13;id=2002;type=year> (failed 1 times): 504 Gateway Time-out
2018-03-15 10:27:52 [scrapy.downloadermiddlewares.retry] DEBUG: Retrying <GET http://stats.espncricinfo.com/ci/engine/records/team/match_results.html?class=13;id=2004;type=year> (failed 1 times): 504 Gateway Time-out
2018-03-15 10:27:52 [scrapy.downloadermiddlewares.retry] DEBUG: Retrying <GET http://stats.espncricinfo.com/ci/engine/records/team/match_results.html?class=13;id=2006;type=year> (failed 1 times): 504 Gateway Time-out
2018-03-15 10:28:05 [scrapy.downloadermiddlewares.retry] DEBUG: Retrying <GET http://stats.espncricinfo.com/ci/engine/records/team/match_results.html?class=13;id=2007;type=year> (failed 1 times): 504 Gateway Time-out
2018-03-15 10:28:05 [scrapy.downloadermiddlewares.retry] DEBUG: Retrying <GET http://stats.espncricinfo.com/ci/engine/records/team/match_results.html?class=13;id=2008;type=year> (failed 1 times): 504 Gateway Time-out
2018-03-15 10:28:05 [scrapy.core.engine] DEBUG: Crawled (200) <GET http://stats.espncricinfo.com/ci/engine/records/team/match_results.html?class=13;id=2005;type=year> (referer: None)
2018-03-15 10:28:20 [scrapy.downloadermiddlewares.retry] DEBUG: Retrying <GET http://stats.espncricinfo.com/ci/engine/records/team/match_results.html?class=13;id=2009;type=year> (failed 1 times): 504 Gateway Time-out
2018-03-15 10:28:20 [scrapy.core.engine] DEBUG: Crawled (200) <GET http://stats.espncricinfo.com/ci/engine/records/team/match_results.html?class=13;id=2002;type=year> (referer: None)
2018-03-15 10:28:20 [scrapy.downloadermiddlewares.retry] DEBUG: Retrying <GET http://stats.espncricinfo.com/ci/engine/records/team/match_results.html?class=13;id=2010;type=year> (failed 1 times): 504 Gateway Time-out
2018-03-15 10:28:20 [scrapy.downloadermiddlewares.retry] DEBUG: Retrying <GET http://stats.espncricinfo.com/ci/engine/records/team/match_results.html?class=13;id=2011;type=year> (failed 1 times): 504 Gateway Time-out
2018-03-15 10:28:20 [scrapy.extensions.logstats] INFO: Crawled 128 pages (at 6 pages/min), scraped 0 items (at 0 items/min)
2018-03-15 10:28:21 [scrapy.core.engine] DEBUG: Crawled (200) <GET http://stats.espncricinfo.com/ci/engine/records/team/match_results.html?class=13;id=2012;type=year> (referer: None)
2018-03-15 10:28:32 [scrapy.core.engine] DEBUG: Crawled (200) <GET http://stats.espncricinfo.com/ci/engine/records/team/match_results.html?class=13;id=2001;type=year> (referer: None)
2018-03-15 10:28:32 [scrapy.downloadermiddlewares.retry] DEBUG: Retrying <GET http://stats.espncricinfo.com/ci/engine/records/team/match_results.html?class=13;id=2014;type=year> (failed 1 times): 504 Gateway Time-out
2018-03-15 10:28:32 [scrapy.downloadermiddlewares.retry] DEBUG: Retrying <GET http://stats.espncricinfo.com/ci/engine/records/team/match_results.html?class=13;id=2013;type=year> (failed 1 times): 504 Gateway Time-out
2018-03-15 10:28:32 [scrapy.downloadermiddlewares.retry] DEBUG: Retrying <GET http://stats.espncricinfo.com/ci/engine/records/team/match_results.html?class=13;id=2015;type=year> (failed 1 times): 504 Gateway Time-out
2018-03-15 10:28:32 [scrapy.core.engine] DEBUG: Crawled (200) <GET http://stats.espncricinfo.com/ci/engine/records/team/match_results.html?class=13;id=2004;type=year> (referer: None)
2018-03-15 10:28:52 [scrapy.downloadermiddlewares.retry] DEBUG: Retrying <GET http://stats.espncricinfo.com/ci/engine/records/team/match_results.html?class=13;id=2017;type=year> (failed 1 times): 504 Gateway Time-out
2018-03-15 10:28:52 [scrapy.downloadermiddlewares.retry] DEBUG: Retrying <GET http://stats.espncricinfo.com/ci/engine/records/team/match_results.html?class=13;id=2016;type=year> (failed 1 times): 504 Gateway Time-out
2018-03-15 10:28:52 [scrapy.core.engine] DEBUG: Crawled (200) <GET http://stats.espncricinfo.com/ci/engine/records/team/match_results.html?class=13;id=2006;type=year> (referer: None)
2018-03-15 10:29:16 [scrapy.downloadermiddlewares.retry] DEBUG: Retrying <GET http://stats.espncricinfo.com/ci/engine/records/team/match_results.html?class=13;id=2007;type=year> (failed 2 times): 504 Gateway Time-out
2018-03-15 10:29:31 [scrapy.core.engine] DEBUG: Crawled (200) <GET http://stats.espncricinfo.com/ci/engine/records/team/match_results.html?class=13;id=2008;type=year> (referer: None)
2018-03-15 10:29:31 [scrapy.core.engine] DEBUG: Crawled (200) <GET http://stats.espncricinfo.com/ci/engine/records/team/match_results.html?class=13;id=2011;type=year> (referer: None)
2018-03-15 10:29:31 [scrapy.core.engine] DEBUG: Crawled (200) <GET http://stats.espncricinfo.com/ci/engine/records/team/match_results.html?class=13;id=2010;type=year> (referer: None)
2018-03-15 10:29:31 [scrapy.core.engine] DEBUG: Crawled (200) <GET http://stats.espncricinfo.com/ci/engine/records/team/match_results.html?class=13;id=2009;type=year> (referer: None)
2018-03-15 10:29:31 [scrapy.extensions.logstats] INFO: Crawled 136 pages (at 8 pages/min), scraped 0 items (at 0 items/min)
2018-03-15 10:30:35 [scrapy.core.engine] DEBUG: Crawled (200) <GET http://stats.espncricinfo.com/ci/engine/records/team/match_results.html?class=13;id=2014;type=year> (referer: None)
2018-03-15 10:30:59 [scrapy.extensions.logstats] INFO: Crawled 137 pages (at 1 pages/min), scraped 0 items (at 0 items/min)
2018-03-15 10:30:59 [scrapy.core.engine] DEBUG: Crawled (200) <GET http://stats.espncricinfo.com/ci/engine/records/team/match_results.html?class=13;id=2015;type=year> (referer: None)
2018-03-15 10:30:59 [scrapy.core.engine] DEBUG: Crawled (200) <GET http://stats.espncricinfo.com/ci/engine/records/team/match_results.html?class=13;id=2013;type=year> (referer: None)
2018-03-15 10:31:43 [scrapy.core.engine] DEBUG: Crawled (200) <GET http://stats.espncricinfo.com/ci/engine/records/team/match_results.html?class=13;id=2016;type=year> (referer: None)
2018-03-15 10:32:05 [scrapy.extensions.logstats] INFO: Crawled 140 pages (at 3 pages/min), scraped 0 items (at 0 items/min)
2018-03-15 10:32:05 [scrapy.downloadermiddlewares.retry] DEBUG: Gave up retrying <GET http://stats.espncricinfo.com/ci/engine/records/team/match_results.html?class=13;id=2007;type=year> (failed 3 times): [<twisted.python.failure.Failure twisted.internet.error.ConnectionDone: Connection was closed cleanly.>]
2018-03-15 10:32:05 [scrapy.downloadermiddlewares.retry] DEBUG: Retrying <GET http://stats.espncricinfo.com/ci/engine/records/team/match_results.html?class=13;id=2017;type=year> (failed 2 times): [<twisted.python.failure.Failure twisted.internet.error.ConnectionDone: Connection was closed cleanly.>]
2018-03-15 10:32:28 [scrapy.core.scraper] ERROR: Error downloading <GET http://stats.espncricinfo.com/ci/engine/records/team/match_results.html?class=13;id=2007;type=year>: [<twisted.python.failure.Failure twisted.internet.error.ConnectionDone: Connection was closed cleanly.>]
2018-03-15 10:32:28 [scrapy.extensions.logstats] INFO: Crawled 140 pages (at 0 pages/min), scraped 0 items (at 0 items/min)
2018-03-15 10:32:29 [scrapy.core.engine] DEBUG: Crawled (200) <GET http://stats.espncricinfo.com/ci/engine/records/team/match_results.html?class=13;id=2017;type=year> (referer: None)
2018-03-15 10:32:51 [scrapy.core.engine] INFO: Closing spider (finished)
2018-03-15 10:32:51 [scrapy.statscollectors] INFO: Dumping Scrapy stats:
{'downloader/exception_count': 2,
 'downloader/exception_type_count/twisted.web._newclient.ResponseNeverReceived': 2,
 'downloader/request_bytes': 68368,
 'downloader/request_count': 158,
 'downloader/request_method_count/GET': 158,
 'downloader/response_bytes': 3703583,
 'downloader/response_count': 156,
 'downloader/response_status_count/200': 141,
 'downloader/response_status_count/504': 15,
 'finish_reason': 'finished',
 'finish_time': datetime.datetime(2018, 3, 15, 15, 32, 51, 186113),
 'log_count/DEBUG': 159,
 'log_count/ERROR': 1,
 'log_count/INFO': 15,
 'memusage/max': 342528000,
 'memusage/startup': 53190656,
 'response_received_count': 141,
 'retry/count': 16,
 'retry/max_reached': 1,
 'retry/reason_count/504 Gateway Time-out': 15,
 'retry/reason_count/twisted.web._newclient.ResponseNeverReceived': 1,
 'scheduler/dequeued': 157,
 'scheduler/dequeued/memory': 157,
 'scheduler/enqueued': 157,
 'scheduler/enqueued/memory': 157,
 'start_time': datetime.datetime(2018, 3, 15, 15, 24, 20, 52998)}
2018-03-15 10:32:51 [scrapy.core.engine] INFO: Spider closed (finished)
2018-03-15 11:56:04 [scrapy.utils.log] INFO: Scrapy 1.4.0 started (bot: cricinfo)
2018-03-15 11:56:04 [scrapy.utils.log] INFO: Overridden settings: {'BOT_NAME': 'cricinfo', 'LOG_FILE': 'logs/match-summary.log', 'NEWSPIDER_MODULE': 'cricinfo.spiders', 'ROBOTSTXT_OBEY': True, 'SPIDER_MODULES': ['cricinfo.spiders']}
2018-03-15 11:56:04 [scrapy.middleware] INFO: Enabled extensions:
['scrapy.extensions.corestats.CoreStats',
 'scrapy.extensions.telnet.TelnetConsole',
 'scrapy.extensions.memusage.MemoryUsage',
 'scrapy.extensions.logstats.LogStats']
2018-03-15 11:56:04 [scrapy.middleware] INFO: Enabled downloader middlewares:
['scrapy.downloadermiddlewares.robotstxt.RobotsTxtMiddleware',
 'scrapy.downloadermiddlewares.httpauth.HttpAuthMiddleware',
 'scrapy.downloadermiddlewares.downloadtimeout.DownloadTimeoutMiddleware',
 'scrapy.downloadermiddlewares.defaultheaders.DefaultHeadersMiddleware',
 'scrapy.downloadermiddlewares.useragent.UserAgentMiddleware',
 'scrapy.downloadermiddlewares.retry.RetryMiddleware',
 'scrapy.downloadermiddlewares.redirect.MetaRefreshMiddleware',
 'scrapy.downloadermiddlewares.httpcompression.HttpCompressionMiddleware',
 'scrapy.downloadermiddlewares.redirect.RedirectMiddleware',
 'scrapy.downloadermiddlewares.cookies.CookiesMiddleware',
 'scrapy.downloadermiddlewares.httpproxy.HttpProxyMiddleware',
 'scrapy.downloadermiddlewares.stats.DownloaderStats']
2018-03-15 11:56:04 [scrapy.middleware] INFO: Enabled spider middlewares:
['scrapy.spidermiddlewares.httperror.HttpErrorMiddleware',
 'scrapy.spidermiddlewares.offsite.OffsiteMiddleware',
 'scrapy.spidermiddlewares.referer.RefererMiddleware',
 'scrapy.spidermiddlewares.urllength.UrlLengthMiddleware',
 'scrapy.spidermiddlewares.depth.DepthMiddleware']
2018-03-15 11:56:04 [scrapy.middleware] INFO: Enabled item pipelines:
[]
2018-03-15 11:56:04 [scrapy.core.engine] INFO: Spider opened
2018-03-15 11:56:04 [scrapy.extensions.logstats] INFO: Crawled 0 pages (at 0 pages/min), scraped 0 items (at 0 items/min)
2018-03-15 11:56:04 [scrapy.extensions.telnet] DEBUG: Telnet console listening on 127.0.0.1:6024
2018-03-15 11:56:07 [scrapy.core.engine] DEBUG: Crawled (200) <GET http://stats.espncricinfo.com/robots.txt> (referer: None)
2018-03-15 11:56:31 [scrapy.core.engine] DEBUG: Crawled (200) <GET http://stats.espncricinfo.com/ci/engine/records/team/match_results.html?class=13;id=2007;type=year> (referer: None)
2018-03-15 11:56:50 [scrapy.core.engine] INFO: Closing spider (finished)
2018-03-15 11:56:50 [scrapy.statscollectors] INFO: Dumping Scrapy stats:
{'downloader/request_bytes': 664,
 'downloader/request_count': 2,
 'downloader/request_method_count/GET': 2,
 'downloader/response_bytes': 103267,
 'downloader/response_count': 2,
 'downloader/response_status_count/200': 2,
 'finish_reason': 'finished',
 'finish_time': datetime.datetime(2018, 3, 15, 16, 56, 50, 388160),
 'log_count/DEBUG': 3,
 'log_count/INFO': 7,
 'memusage/max': 53346304,
 'memusage/startup': 53346304,
 'response_received_count': 2,
 'scheduler/dequeued': 1,
 'scheduler/dequeued/memory': 1,
 'scheduler/enqueued': 1,
 'scheduler/enqueued/memory': 1,
 'start_time': datetime.datetime(2018, 3, 15, 16, 56, 4, 186761)}
2018-03-15 11:56:50 [scrapy.core.engine] INFO: Spider closed (finished)
